<?xml version="1.0" encoding="UTF-8"?>
<!-- Generated by org.testng.reporters.JUnitReportReporter -->
<testsuite hostname="Chhiring" failures="0" tests="5" name="setup.TestRunner" time="34.975" errors="1" timestamp="2023-12-19T11:33:08 EST" skipped="0">
  <testcase classname="setup.TestRunner" name="runScenario" time="3.258"/>
  <testcase classname="setup.TestRunner" name="runScenario" time="24.834">
    <error message="Unable to find element with locator By.xpath: //a[@href=&#039;https://magento.softwaretestingboard.com/women.html&#039;]
For documentation on this error, please visit: https://www.selenium.dev/documentation/webdriver/troubleshooting/errors#no-such-element-exception
Build info: version: &#039;4.11.0&#039;, revision: &#039;040bc5406b&#039;
System info: os.name: &#039;Windows 11&#039;, os.arch: &#039;amd64&#039;, os.version: &#039;10.0&#039;, java.version: &#039;17.0.8&#039;
Driver info: driver.version: RemoteWebDriver" type="org.openqa.selenium.NoSuchElementException">
      <![CDATA[org.openqa.selenium.NoSuchElementException: Unable to find element with locator By.xpath: //a[@href='https://magento.softwaretestingboard.com/women.html']
For documentation on this error, please visit: https://www.selenium.dev/documentation/webdriver/troubleshooting/errors#no-such-element-exception
Build info: version: '4.11.0', revision: '040bc5406b'
System info: os.name: 'Windows 11', os.arch: 'amd64', os.version: '10.0', java.version: '17.0.8'
Driver info: driver.version: RemoteWebDriver
at org.openqa.selenium.remote.ElementLocation$ElementFinder$2.findElement(ElementLocation.java:168)
at org.openqa.selenium.remote.ElementLocation.findElement(ElementLocation.java:59)
at org.openqa.selenium.remote.RemoteWebDriver.findElement(RemoteWebDriver.java:355)
at org.openqa.selenium.remote.RemoteWebDriver.findElement(RemoteWebDriver.java:349)
at stepdefinitions.ProductStepDef.launchWebsite(ProductStepDef.java:85)
at âœ½.I am on shopping website(file:///D:/EATNOVCucumberFramework/src/test/features/product.feature:5)
]]>
    </error>
  </testcase> <!-- runScenario -->
  <testcase classname="setup.TestRunner" name="runScenario" time="1.953"/>
  <testcase classname="setup.TestRunner" name="runScenario" time="2.566"/>
  <testcase classname="setup.TestRunner" name="runScenario" time="2.364"/>
</testsuite> <!-- setup.TestRunner -->
